<?xml version="1.0" encoding="UTF-8"?>
<!-- Generated by org.testng.reporters.JUnitReportReporter -->
<testsuite hostname="IABLR-LT155" name="listernerpackage.Tags" tests="2" failures="0" timestamp="6 Apr 2020 12:46:37 GMT" time="0.006" errors="0">
  <testcase name="userProfile2" time="0.002" classname="listernerpackage.Tags"/>
  <testcase name="userProfile1" time="0.004" classname="listernerpackage.Tags"/>
</testsuite> <!-- listernerpackage.Tags -->
