<?xml version="1.0" encoding="UTF-8"?>
<!-- Generated by org.testng.reporters.JUnitReportReporter -->
<testsuite hostname="IABLR-LT155" name="listernerpackage.UserClass" tests="2" failures="0" timestamp="6 Apr 2020 12:02:04 GMT" time="0.010" errors="0">
  <testcase name="register" time="0.001" classname="listernerpackage.UserClass"/>
  <testcase name="login" time="0.009" classname="listernerpackage.UserClass"/>
</testsuite> <!-- listernerpackage.UserClass -->
