<?xml version="1.0" encoding="UTF-8"?>
<!-- Generated by org.testng.reporters.JUnitReportReporter -->
<testsuite hostname="IABLR-LT155" name="reflectionpackage.Reflections" tests="2" failures="0" timestamp="7 Apr 2020 12:40:46 GMT" time="0.009" errors="0">
  <testcase name="userCreate" time="0.003" classname="reflectionpackage.Reflections"/>
  <testcase name="userDelete" time="0.006" classname="reflectionpackage.Reflections"/>
</testsuite> <!-- reflectionpackage.Reflections -->
