<?xml version="1.0" encoding="UTF-8"?>
<!-- Generated by org.testng.reporters.JUnitReportReporter -->
<testsuite hostname="IABLR-LT155" name="annotationPackage.AnnotationClass2" tests="1" failures="0" timestamp="2 Apr 2020 11:34:41 GMT" time="0.004" errors="0">
  <testcase name="userProfile" time="0.004" classname="annotationPackage.AnnotationClass2"/>
</testsuite> <!-- annotationPackage.AnnotationClass2 -->
