<?xml version="1.0" encoding="UTF-8"?>
<!-- Generated by org.testng.reporters.JUnitReportReporter -->
<testsuite hostname="IABLR-LT155" name="listernerpackage.UserClass" tests="2" failures="0" timestamp="4 Apr 2020 13:07:11 GMT" time="0.013" errors="0">
  <testcase name="login" time="0.011" classname="listernerpackage.UserClass"/>
  <testcase name="register" time="0.002" classname="listernerpackage.UserClass"/>
</testsuite> <!-- listernerpackage.UserClass -->
