<?xml version="1.0" encoding="UTF-8"?>
<!-- Generated by org.testng.reporters.JUnitReportReporter -->
<testsuite hostname="IABLR-LT155" name="dataProviderPackage.DataProviderClass1" tests="3" failures="0" timestamp="7 Apr 2020 12:48:23 GMT" time="15.063" errors="0">
  <testcase name="login" time="5.021" classname="dataProviderPackage.DataProviderClass1"/>
  <testcase name="login" time="5.021" classname="dataProviderPackage.DataProviderClass1"/>
  <testcase name="login" time="5.021" classname="dataProviderPackage.DataProviderClass1"/>
</testsuite> <!-- dataProviderPackage.DataProviderClass1 -->
