<?xml version="1.0" encoding="UTF-8"?>
<!-- Generated by org.testng.reporters.JUnitReportReporter -->
<testsuite hostname="IABLR-LT155" name="annotationPackage.AnnotationClass2" tests="2" failures="0" timestamp="28 Mar 2020 07:28:51 GMT" time="0.002" errors="0">
  <testcase name="userProfile" time="0.001" classname="annotationPackage.AnnotationClass2"/>
  <testcase name="userProfile" time="0.001" classname="annotationPackage.AnnotationClass2"/>
</testsuite> <!-- annotationPackage.AnnotationClass2 -->
