<?xml version="1.0" encoding="UTF-8"?>
<!-- Generated by org.testng.reporters.JUnitReportReporter -->
<testsuite hostname="IABLR-LT155" name="annotationPackage.ConfigurationError" tests="1" failures="0" timestamp="29 Mar 2020 11:19:28 GMT" time="0.006" errors="0">
  <testcase name="userProfile" time="0.006" classname="annotationPackage.ConfigurationError"/>
</testsuite> <!-- annotationPackage.ConfigurationError -->
