<?xml version="1.0" encoding="UTF-8"?>
<!-- Generated by org.testng.reporters.JUnitReportReporter -->
<testsuite hostname="IABLR-LT155" name="reflectionpackage.Reflections" tests="2" failures="0" timestamp="2 Apr 2020 12:16:05 GMT" time="0.010" errors="0">
  <testcase name="userDelete" time="0.001" classname="reflectionpackage.Reflections"/>
  <testcase name="userCreate" time="0.009" classname="reflectionpackage.Reflections"/>
</testsuite> <!-- reflectionpackage.Reflections -->
