<?xml version="1.0" encoding="UTF-8"?>
<!-- Generated by org.testng.reporters.JUnitReportReporter -->
<testsuite hostname="IABLR-LT155" name="listernerpackage.AdminClass" tests="1" failures="0" timestamp="6 Apr 2020 12:02:04 GMT" time="0.001" errors="0">
  <testcase name="adminRegister" time="0.001" classname="listernerpackage.AdminClass"/>
</testsuite> <!-- listernerpackage.AdminClass -->
