<?xml version="1.0" encoding="UTF-8"?>
<!-- Generated by org.testng.reporters.JUnitReportReporter -->
<testsuite hostname="IABLR-LT155" name="annotationPackage.AnnotationsClass" tests="4" failures="0" timestamp="28 Mar 2020 07:28:51 GMT" time="0.011" errors="0">
  <testcase name="deleteUser" time="0.002" classname="annotationPackage.AnnotationsClass"/>
  <testcase name="deleteUser" time="0.002" classname="annotationPackage.AnnotationsClass"/>
  <testcase name="createUser" time="0.004" classname="annotationPackage.AnnotationsClass"/>
  <testcase name="createUser" time="0.003" classname="annotationPackage.AnnotationsClass"/>
</testsuite> <!-- annotationPackage.AnnotationsClass -->
