<?xml version="1.0" encoding="UTF-8"?>
<!-- Generated by org.testng.reporters.JUnitReportReporter -->
<testsuite hostname="IABLR-LT155" name="paralleltesting.Test1" tests="4" failures="0" timestamp="6 Apr 2020 13:10:30 GMT" time="100.046" errors="0">
  <testcase name="register" time="0.006" classname="paralleltesting.Test1"/>
  <testcase name="register" time="0.006" classname="paralleltesting.Test1"/>
  <testcase name="login" time="50.017" classname="paralleltesting.Test1"/>
  <testcase name="login" time="50.017" classname="paralleltesting.Test1"/>
</testsuite> <!-- paralleltesting.Test1 -->
