<?xml version="1.0" encoding="UTF-8"?>
<!-- Generated by org.testng.reporters.JUnitReportReporter -->
<testsuite hostname="IABLR-LT155" name="loadTesting.Load" tests="5" failures="0" timestamp="7 Apr 2020 12:40:46 GMT" time="0.059" errors="0">
  <testcase name="login" time="0.014" classname="loadTesting.Load"/>
  <testcase name="login" time="0.014" classname="loadTesting.Load"/>
  <testcase name="login" time="0.014" classname="loadTesting.Load"/>
  <testcase name="login" time="0.014" classname="loadTesting.Load"/>
  <testcase name="login" time="0.003" classname="loadTesting.Load"/>
</testsuite> <!-- loadTesting.Load -->
