<?xml version="1.0" encoding="UTF-8"?>
<!-- Generated by org.testng.reporters.JUnitReportReporter -->
<testsuite hostname="IABLR-LT155" name="parameterizationPackage.BrowserLaunch" tests="3" failures="0" timestamp="31 Mar 2020 12:37:22 GMT" time="6.061" errors="0">
  <testcase name="launchBrowser" time="2.020" classname="parameterizationPackage.BrowserLaunch"/>
  <testcase name="launchBrowser" time="2.020" classname="parameterizationPackage.BrowserLaunch"/>
  <testcase name="launchBrowser" time="2.021" classname="parameterizationPackage.BrowserLaunch"/>
</testsuite> <!-- parameterizationPackage.BrowserLaunch -->
