<?xml version="1.0" encoding="UTF-8"?>
<!-- Generated by org.testng.reporters.JUnitReportReporter -->
<testsuite hostname="IABLR-LT155" name="annotationPackage.AnnotationsClass" tests="2" failures="0" timestamp="2 Apr 2020 11:34:41 GMT" time="0.003" errors="0">
  <testcase name="createUser" time="0.001" classname="annotationPackage.AnnotationsClass"/>
  <testcase name="deleteUser" time="0.002" classname="annotationPackage.AnnotationsClass"/>
</testsuite> <!-- annotationPackage.AnnotationsClass -->
